c:\users\shinki\desktop\sqliteappset\win32\sqlitetool-utf8db\sqlitetool-utf8db\sqliteman1\release\sqliteman1.pch.codeanalysis
c:\users\shinki\desktop\sqliteappset\win32\sqlitetool-utf8db\sqlitetool-utf8db\sqliteman1\release\vc120.pdb
c:\users\shinki\desktop\sqliteappset\win32\sqlitetool-utf8db\sqlitetool-utf8db\sqliteman1\release\sqliteman1.pch.codeanalysisast
c:\users\shinki\desktop\sqliteappset\win32\sqlitetool-utf8db\sqlitetool-utf8db\sqliteman1\release\stdafx.nativecodeanalysis.xml
c:\users\shinki\desktop\sqliteappset\win32\sqlitetool-utf8db\sqlitetool-utf8db\sqliteman1\release\stdafx.obj
c:\users\shinki\desktop\sqliteappset\win32\sqlitetool-utf8db\sqlitetool-utf8db\sqliteman1\release\sqlite3manager.nativecodeanalysis.xml
c:\users\shinki\desktop\sqliteappset\win32\sqlitetool-utf8db\sqlitetool-utf8db\sqliteman1\release\tool.nativecodeanalysis.xml
c:\users\shinki\desktop\sqliteappset\win32\sqlitetool-utf8db\sqlitetool-utf8db\sqliteman1\release\sqliteman1dlg.nativecodeanalysis.xml
c:\users\shinki\desktop\sqliteappset\win32\sqlitetool-utf8db\sqlitetool-utf8db\sqliteman1\release\sqliteman1.nativecodeanalysis.xml
c:\users\shinki\desktop\sqliteappset\win32\sqlitetool-utf8db\sqlitetool-utf8db\sqliteman1\release\profile.nativecodeanalysis.xml
c:\users\shinki\desktop\sqliteappset\win32\sqlitetool-utf8db\sqlitetool-utf8db\sqliteman1\release\profile.obj
c:\users\shinki\desktop\sqliteappset\win32\sqlitetool-utf8db\sqlitetool-utf8db\sqliteman1\release\sqliteman1.obj
c:\users\shinki\desktop\sqliteappset\win32\sqlitetool-utf8db\sqlitetool-utf8db\sqliteman1\release\sqliteman1dlg.obj
c:\users\shinki\desktop\sqliteappset\win32\sqlitetool-utf8db\sqlitetool-utf8db\sqliteman1\release\tool.obj
c:\users\shinki\desktop\sqliteappset\win32\sqlitetool-utf8db\sqlitetool-utf8db\sqliteman1\release\sqlite3manager.obj
c:\users\shinki\desktop\sqliteappset\win32\sqlitetool-utf8db\sqlitetool-utf8db\sqliteman1\release\sqliteman1.tlog\cl.command.1.tlog
c:\users\shinki\desktop\sqliteappset\win32\sqlitetool-utf8db\sqlitetool-utf8db\sqliteman1\release\sqliteman1.tlog\cl.read.1.tlog
c:\users\shinki\desktop\sqliteappset\win32\sqlitetool-utf8db\sqlitetool-utf8db\sqliteman1\release\sqliteman1.tlog\cl.read.14.tlog
c:\users\shinki\desktop\sqliteappset\win32\sqlitetool-utf8db\sqlitetool-utf8db\sqliteman1\release\sqliteman1.tlog\cl.read.42.tlog
c:\users\shinki\desktop\sqliteappset\win32\sqlitetool-utf8db\sqlitetool-utf8db\sqliteman1\release\sqliteman1.tlog\cl.write.1.tlog
