Build started 2015/11/4 11:46:07.
     1>Project "D:\eclipse\github\SQLiteAppSet\win32\SQLiteMAN1-UTF8DB\SQLiteMAN1\SQLiteMAN1.vcxproj" on node 2 (build target(s)).
     1>InitializeBuildStatus:
         Creating "Release\SQLiteMAN1.unsuccessfulbuild" because "AlwaysCreate" was specified.
       ClCompile:
         C:\Program Files\Microsoft Visual Studio 10.0\VC\bin\CL.exe /c /Zi /nologo /W3 /WX- /O2 /Oi /Oy- /GL /D WIN32 /D _WINDOWS /D NDEBUG /D _UNICODE /D UNICODE /D _AFXDLL /Gm- /EHsc /MD /GS /Gy /fp:precise /Zc:wchar_t /Zc:forScope /Yc"StdAfx.h" /Fp"Release\SQLiteMAN1.pch" /Fo"Release\\" /Fd"Release\vc100.pdb" /Gd /TP /analyze- /errorReport:prompt stdafx.cpp
         stdafx.cpp
         C:\Program Files\Microsoft Visual Studio 10.0\VC\bin\CL.exe /c /Zi /nologo /W3 /WX- /O2 /Oi /Oy- /GL /D WIN32 /D _WINDOWS /D NDEBUG /D _UNICODE /D UNICODE /D _AFXDLL /Gm- /EHsc /MD /GS /Gy /fp:precise /Zc:wchar_t /Zc:forScope /Yu"StdAfx.h" /Fp"Release\SQLiteMAN1.pch" /Fo"Release\\" /Fd"Release\vc100.pdb" /Gd /TP /analyze- /errorReport:prompt Profile.cpp SQLiteMAN1.cpp SQLiteMAN1Dlg.cpp tool.cpp tool\SQLite3Manager.cpp
         Profile.cpp
     1>Profile.cpp(357): warning C4996: '_itow': This function or variable may be unsafe. Consider using _itow_s instead. To disable deprecation, use _CRT_SECURE_NO_WARNINGS. See online help for details.
                 C:\Program Files\Microsoft Visual Studio 10.0\VC\include\wchar.h(866) : 参见“_itow”的声明
     1>Profile.cpp(370): warning C4996: '_itow': This function or variable may be unsafe. Consider using _itow_s instead. To disable deprecation, use _CRT_SECURE_NO_WARNINGS. See online help for details.
                 C:\Program Files\Microsoft Visual Studio 10.0\VC\include\wchar.h(866) : 参见“_itow”的声明
         SQLiteMAN1.cpp
         SQLiteMAN1Dlg.cpp
     1>SQLiteMAN1Dlg.cpp(164): warning C4390: “;”: 找到空的受控语句；这是否是有意的?
     1>SQLiteMAN1Dlg.cpp(192): warning C4553: “==”: 运算符不起任何作用；是否是有意使用“=”的?
     1>SQLiteMAN1Dlg.cpp(194): warning C4553: “==”: 运算符不起任何作用；是否是有意使用“=”的?
     1>SQLiteMAN1Dlg.cpp(236): warning C4996: 'sprintf': This function or variable may be unsafe. Consider using sprintf_s instead. To disable deprecation, use _CRT_SECURE_NO_WARNINGS. See online help for details.
                 C:\Program Files\Microsoft Visual Studio 10.0\VC\include\stdio.h(371) : 参见“sprintf”的声明
     1>SQLiteMAN1Dlg.cpp(240): warning C4996: 'sprintf': This function or variable may be unsafe. Consider using sprintf_s instead. To disable deprecation, use _CRT_SECURE_NO_WARNINGS. See online help for details.
                 C:\Program Files\Microsoft Visual Studio 10.0\VC\include\stdio.h(371) : 参见“sprintf”的声明
     1>SQLiteMAN1Dlg.cpp(248): warning C4996: 'sprintf': This function or variable may be unsafe. Consider using sprintf_s instead. To disable deprecation, use _CRT_SECURE_NO_WARNINGS. See online help for details.
                 C:\Program Files\Microsoft Visual Studio 10.0\VC\include\stdio.h(371) : 参见“sprintf”的声明
     1>SQLiteMAN1Dlg.cpp(255): warning C4996: 'sprintf': This function or variable may be unsafe. Consider using sprintf_s instead. To disable deprecation, use _CRT_SECURE_NO_WARNINGS. See online help for details.
                 C:\Program Files\Microsoft Visual Studio 10.0\VC\include\stdio.h(371) : 参见“sprintf”的声明
     1>SQLiteMAN1Dlg.cpp(258): warning C4996: 'sprintf': This function or variable may be unsafe. Consider using sprintf_s instead. To disable deprecation, use _CRT_SECURE_NO_WARNINGS. See online help for details.
                 C:\Program Files\Microsoft Visual Studio 10.0\VC\include\stdio.h(371) : 参见“sprintf”的声明
     1>SQLiteMAN1Dlg.cpp(262): warning C4996: 'sprintf': This function or variable may be unsafe. Consider using sprintf_s instead. To disable deprecation, use _CRT_SECURE_NO_WARNINGS. See online help for details.
                 C:\Program Files\Microsoft Visual Studio 10.0\VC\include\stdio.h(371) : 参见“sprintf”的声明
     1>SQLiteMAN1Dlg.cpp(287): warning C4996: 'sprintf': This function or variable may be unsafe. Consider using sprintf_s instead. To disable deprecation, use _CRT_SECURE_NO_WARNINGS. See online help for details.
                 C:\Program Files\Microsoft Visual Studio 10.0\VC\include\stdio.h(371) : 参见“sprintf”的声明
     1>SQLiteMAN1Dlg.cpp(301): warning C4996: 'sprintf': This function or variable may be unsafe. Consider using sprintf_s instead. To disable deprecation, use _CRT_SECURE_NO_WARNINGS. See online help for details.
                 C:\Program Files\Microsoft Visual Studio 10.0\VC\include\stdio.h(371) : 参见“sprintf”的声明
     1>SQLiteMAN1Dlg.cpp(304): warning C4996: 'sprintf': This function or variable may be unsafe. Consider using sprintf_s instead. To disable deprecation, use _CRT_SECURE_NO_WARNINGS. See online help for details.
                 C:\Program Files\Microsoft Visual Studio 10.0\VC\include\stdio.h(371) : 参见“sprintf”的声明
     1>SQLiteMAN1Dlg.cpp(308): warning C4996: 'sprintf': This function or variable may be unsafe. Consider using sprintf_s instead. To disable deprecation, use _CRT_SECURE_NO_WARNINGS. See online help for details.
                 C:\Program Files\Microsoft Visual Studio 10.0\VC\include\stdio.h(371) : 参见“sprintf”的声明
     1>SQLiteMAN1Dlg.cpp(315): warning C4996: 'sprintf': This function or variable may be unsafe. Consider using sprintf_s instead. To disable deprecation, use _CRT_SECURE_NO_WARNINGS. See online help for details.
                 C:\Program Files\Microsoft Visual Studio 10.0\VC\include\stdio.h(371) : 参见“sprintf”的声明
         tool.cpp
     1>tool.cpp(66): warning C4172: 返回局部变量或临时变量的地址
     1>tool.cpp(73): warning C4996: 'fopen': This function or variable may be unsafe. Consider using fopen_s instead. To disable deprecation, use _CRT_SECURE_NO_WARNINGS. See online help for details.
                 C:\Program Files\Microsoft Visual Studio 10.0\VC\include\stdio.h(234) : 参见“fopen”的声明
     1>tool.cpp(93): warning C4996: 'sprintf': This function or variable may be unsafe. Consider using sprintf_s instead. To disable deprecation, use _CRT_SECURE_NO_WARNINGS. See online help for details.
                 C:\Program Files\Microsoft Visual Studio 10.0\VC\include\stdio.h(371) : 参见“sprintf”的声明
     1>tool.cpp(104): warning C4996: 'fopen': This function or variable may be unsafe. Consider using fopen_s instead. To disable deprecation, use _CRT_SECURE_NO_WARNINGS. See online help for details.
                 C:\Program Files\Microsoft Visual Studio 10.0\VC\include\stdio.h(234) : 参见“fopen”的声明
     1>tool.cpp(107): warning C4996: 'sprintf': This function or variable may be unsafe. Consider using sprintf_s instead. To disable deprecation, use _CRT_SECURE_NO_WARNINGS. See online help for details.
                 C:\Program Files\Microsoft Visual Studio 10.0\VC\include\stdio.h(371) : 参见“sprintf”的声明
     1>tool.cpp(124): warning C4996: 'fopen': This function or variable may be unsafe. Consider using fopen_s instead. To disable deprecation, use _CRT_SECURE_NO_WARNINGS. See online help for details.
                 C:\Program Files\Microsoft Visual Studio 10.0\VC\include\stdio.h(234) : 参见“fopen”的声明
     1>tool.cpp(127): warning C4996: 'sprintf': This function or variable may be unsafe. Consider using sprintf_s instead. To disable deprecation, use _CRT_SECURE_NO_WARNINGS. See online help for details.
                 C:\Program Files\Microsoft Visual Studio 10.0\VC\include\stdio.h(371) : 参见“sprintf”的声明
         SQLite3Manager.cpp
     1>tool\SQLite3Manager.cpp(37): warning C4996: 'sprintf': This function or variable may be unsafe. Consider using sprintf_s instead. To disable deprecation, use _CRT_SECURE_NO_WARNINGS. See online help for details.
                 C:\Program Files\Microsoft Visual Studio 10.0\VC\include\stdio.h(371) : 参见“sprintf”的声明
     1>tool\SQLite3Manager.cpp(41): warning C4996: 'sprintf': This function or variable may be unsafe. Consider using sprintf_s instead. To disable deprecation, use _CRT_SECURE_NO_WARNINGS. See online help for details.
                 C:\Program Files\Microsoft Visual Studio 10.0\VC\include\stdio.h(371) : 参见“sprintf”的声明
     1>tool\SQLite3Manager.cpp(48): warning C4996: 'sprintf': This function or variable may be unsafe. Consider using sprintf_s instead. To disable deprecation, use _CRT_SECURE_NO_WARNINGS. See online help for details.
                 C:\Program Files\Microsoft Visual Studio 10.0\VC\include\stdio.h(371) : 参见“sprintf”的声明
     1>tool\SQLite3Manager.cpp(57): warning C4996: 'sprintf': This function or variable may be unsafe. Consider using sprintf_s instead. To disable deprecation, use _CRT_SECURE_NO_WARNINGS. See online help for details.
                 C:\Program Files\Microsoft Visual Studio 10.0\VC\include\stdio.h(371) : 参见“sprintf”的声明
     1>tool\SQLite3Manager.cpp(72): warning C4996: 'sprintf': This function or variable may be unsafe. Consider using sprintf_s instead. To disable deprecation, use _CRT_SECURE_NO_WARNINGS. See online help for details.
                 C:\Program Files\Microsoft Visual Studio 10.0\VC\include\stdio.h(371) : 参见“sprintf”的声明
     1>tool\SQLite3Manager.cpp(82): warning C4996: 'sprintf': This function or variable may be unsafe. Consider using sprintf_s instead. To disable deprecation, use _CRT_SECURE_NO_WARNINGS. See online help for details.
                 C:\Program Files\Microsoft Visual Studio 10.0\VC\include\stdio.h(371) : 参见“sprintf”的声明
     1>tool\SQLite3Manager.cpp(87): warning C4996: 'sprintf': This function or variable may be unsafe. Consider using sprintf_s instead. To disable deprecation, use _CRT_SECURE_NO_WARNINGS. See online help for details.
                 C:\Program Files\Microsoft Visual Studio 10.0\VC\include\stdio.h(371) : 参见“sprintf”的声明
       ResourceCompile:
         C:\Program Files\Microsoft SDKs\Windows\v7.0A\bin\rc.exe /D NDEBUG /D _UNICODE /D UNICODE /D _AFXDLL /l"0x0804" /IRelease\ /nologo /fo"Release\SQLiteMAN1.res" SQLiteMAN1.rc 
       Link:
         C:\Program Files\Microsoft Visual Studio 10.0\VC\bin\link.exe /ERRORREPORT:PROMPT /OUT:"D:\eclipse\github\SQLiteAppSet\win32\SQLiteMAN1-UTF8DB\Release\SQLiteMAN1.exe" /INCREMENTAL:NO /NOLOGO /MANIFEST /ManifestFile:"Release\SQLiteMAN1.exe.intermediate.manifest" /MANIFESTUAC:"level='asInvoker' uiAccess='false'" /DEBUG /PDB:"D:\eclipse\github\SQLiteAppSet\win32\SQLiteMAN1-UTF8DB\Release\SQLiteMAN1.pdb" /SUBSYSTEM:WINDOWS /OPT:REF /OPT:ICF /LTCG /TLBID:1 /ENTRY:"wWinMainCRTStartup" /DYNAMICBASE /NXCOMPAT /IMPLIB:"D:\eclipse\github\SQLiteAppSet\win32\SQLiteMAN1-UTF8DB\Release\SQLiteMAN1.lib" /MACHINE:X86 Release\SQLiteMAN1.res
         Release\Profile.obj
         Release\SQLiteMAN1.obj
         Release\SQLiteMAN1Dlg.obj
         Release\stdafx.obj
         Release\tool.obj
         Release\SQLite3Manager.obj
         正在生成代码
         已完成代码的生成
         SQLiteMAN1.vcxproj -> D:\eclipse\github\SQLiteAppSet\win32\SQLiteMAN1-UTF8DB\Release\SQLiteMAN1.exe
       Manifest:
         C:\Program Files\Microsoft SDKs\Windows\v7.0A\bin\mt.exe /nologo /verbose /outputresource:"D:\eclipse\github\SQLiteAppSet\win32\SQLiteMAN1-UTF8DB\Release\SQLiteMAN1.exe;#1" /manifest Release\SQLiteMAN1.exe.intermediate.manifest "C:\Program Files\Microsoft Visual Studio 10.0\VC\Include\Manifest\dpiaware.manifest"
       FinalizeBuildStatus:
         Deleting file "Release\SQLiteMAN1.unsuccessfulbuild".
         Touching "Release\SQLiteMAN1.lastbuildstate".
     1>Done Building Project "D:\eclipse\github\SQLiteAppSet\win32\SQLiteMAN1-UTF8DB\SQLiteMAN1\SQLiteMAN1.vcxproj" (build target(s)).

生成成功。

Time Elapsed 00:00:09.81
